[backblue.gif]
[fade.gif]
[index.html]
[assets/highslide.js]
[assets/highslide.config.js]
[themes/huntinghawks/zaibatsu.ico]
[analytics.js]
[static/js/5206.js]
[forums/forumdisplay0ea6.html]
[index-2.html]
[themes/huntinghawks/highslide/index.html]
[themes/huntinghawks/css/highslide.css]
[themes/huntinghawks/css/global.css]
[themes/huntinghawks/css/home.css]
[assets/print.css]
[wiki/Tekken_7.html]
[tekkentag2/index.html]
[tekken6/index.html]
[tekken5dr/index.html]
[tekken5/index.html]
[tekken4/index.html]
[tekkentag/index.html]
[tekken3/index.html]
[tekken2/index.html]
[tekken/index.html]
[forums/forumdisplay0ea6.html]
[themes.html]
[premium/index.html]
[games/index.html]
[tekkenadv/index.html]
[forums/index.html]
